<?xml version="1.0" encoding="UTF-8"?>
<!-- Generated by org.testng.reporters.JUnitReportReporter -->
<testsuite hostname="DESKTOP-IN4JK6E" failures="0" tests="8" name="org.example.LoginTest" time="204.814" errors="0" timestamp="2025-05-29T15:26:10 IST" skipped="0">
  <testcase classname="org.example.LoginTest" name="SeeSecurityTest" time="27.159"/>
  <testcase classname="org.example.LoginTest" name="SeeAuthorizedClientTest" time="28.772"/>
  <testcase classname="org.example.LoginTest" name="LoginTest" time="17.394"/>
  <testcase classname="org.example.LoginTest" name="CreateNewAccountTest" time="24.177"/>
  <testcase classname="org.example.LoginTest" name="UpdateProfileTest" time="29.064"/>
  <testcase classname="org.example.LoginTest" name="SeeLoginDessionsTest" time="23.077"/>
  <testcase classname="org.example.LoginTest" name="ChangeThemeTest" time="24.332"/>
  <testcase classname="org.example.LoginTest" name="ClickOnLogoutTest" time="30.839"/>
</testsuite> <!-- org.example.LoginTest -->
