<?xml version="1.0" encoding="UTF-8"?>
<!-- Generated by org.testng.reporters.JUnitReportReporter -->
<testsuite hostname="DESKTOP-IN4JK6E" failures="0" tests="3" name="org.example.classificationtest" time="114.977" errors="0" timestamp="2025-05-29T15:26:10 IST" skipped="0">
  <testcase classname="org.example.classificationtest" name="ClickOnClassificationTest" time="40.143"/>
  <testcase classname="org.example.classificationtest" name="DeleteClassificationTest" time="37.669"/>
  <testcase classname="org.example.classificationtest" name="SearchClassificationTest" time="37.165"/>
</testsuite> <!-- org.example.classificationtest -->
