<?xml version="1.0" encoding="UTF-8"?>
<!-- Generated by org.testng.reporters.JUnitReportReporter -->
<testsuite hostname="DESKTOP-IN4JK6E" failures="0" tests="10" name="org.example.departmenttest" time="324.913" errors="0" timestamp="2025-05-29T15:26:10 IST" skipped="0">
  <testcase classname="org.example.departmenttest" name="ClicklonDepartmentTest" time="18.296"/>
  <testcase classname="org.example.departmenttest" name="AddLocationTest" time="37.360"/>
  <testcase classname="org.example.departmenttest" name="deleteDepartmentMembershipTest" time="39.489"/>
  <testcase classname="org.example.departmenttest" name="DeleteClassificationTest" time="40.449"/>
  <testcase classname="org.example.departmenttest" name="CreateNewDepartmentTest" time="30.660"/>
  <testcase classname="org.example.departmenttest" name="ClickDeleteTheDepartmentRoleTest" time="30.530"/>
  <testcase classname="org.example.departmenttest" name="DeleteLocationTest" time="34.245"/>
  <testcase classname="org.example.departmenttest" name="AddClassificationTest" time="31.108"/>
  <testcase classname="org.example.departmenttest" name="SelectTheDepartmentRoleTest" time="29.635"/>
  <testcase classname="org.example.departmenttest" name="UpdateanddeleteDepartmentMembershipTest" time="33.141"/>
</testsuite> <!-- org.example.departmenttest -->
