<?xml version="1.0" encoding="UTF-8"?>
<!-- Generated by org.testng.reporters.JUnitReportReporter -->
<testsuite hostname="DESKTOP-IN4JK6E" failures="0" tests="9" name="org.example.adminareatest" time="257.277" errors="0" timestamp="2025-05-29T15:26:10 IST" skipped="0">
  <testcase classname="org.example.adminareatest" name="DeleteuserTest" time="25.775"/>
  <testcase classname="org.example.adminareatest" name="CreateNewuserTest" time="27.308"/>
  <testcase classname="org.example.adminareatest" name="AvatorSettingUpdateTest" time="26.944"/>
  <testcase classname="org.example.adminareatest" name="DeleterolemembershipTest" time="30.562"/>
  <testcase classname="org.example.adminareatest" name="FilteruserTest" time="27.916"/>
  <testcase classname="org.example.adminareatest" name="ActionLogSelectTest" time="31.029"/>
  <testcase classname="org.example.adminareatest" name="AllowrolemembershipTest" time="33.193"/>
  <testcase classname="org.example.adminareatest" name="ClicklonuserTest" time="27.061"/>
  <testcase classname="org.example.adminareatest" name="SuspenduserTest" time="27.489"/>
</testsuite> <!-- org.example.adminareatest -->
