<?xml version="1.0" encoding="UTF-8"?>
<!-- Generated by org.testng.reporters.JUnitReportReporter -->
<testsuite hostname="DESKTOP-IN4JK6E" failures="0" tests="12" name="org.example.incidenttest" time="435.134" errors="0" timestamp="2025-05-29T15:26:10 IST" skipped="0">
  <testcase classname="org.example.incidenttest" name="SeegeneralandCommentInfoTest" time="39.665"/>
  <testcase classname="org.example.incidenttest" name="SearchincidentTest" time="30.887"/>
  <testcase classname="org.example.incidenttest" name="ClickOnincidentTest" time="31.975"/>
  <testcase classname="org.example.incidenttest" name="InvalidCredentialTest" time="4.487"/>
  <testcase classname="org.example.incidenttest" name="RefreshincidentTest" time="28.300"/>
  <testcase classname="org.example.incidenttest" name="DeleteIncidentTest" time="37.467"/>
  <testcase classname="org.example.incidenttest" name="SaveAsCopyIncidentTest" time="39.942"/>
  <testcase classname="org.example.incidenttest" name="CreateTheIncidentTest" time="56.938"/>
  <testcase classname="org.example.incidenttest" name="EditIncidentTest" time="43.236"/>
  <testcase classname="org.example.incidenttest" name="DownloadIncidentReportTest" time="41.249"/>
  <testcase classname="org.example.incidenttest" name="SeeTheActionLogTest" time="41.844"/>
  <testcase classname="org.example.incidenttest" name="SeeTheAttachmentTest" time="39.144"/>
</testsuite> <!-- org.example.incidenttest -->
