<?xml version="1.0" encoding="UTF-8"?>
<!-- Generated by org.testng.reporters.JUnitReportReporter -->
<testsuite hostname="DESKTOP-IN4JK6E" failures="0" tests="3" name="org.example.locationtest" time="95.575" errors="0" timestamp="2025-05-29T15:26:10 IST" skipped="0">
  <testcase classname="org.example.locationtest" name="SearchTheLocationTest" time="31.426"/>
  <testcase classname="org.example.locationtest" name="ClickOnLocationTest" time="27.411"/>
  <testcase classname="org.example.locationtest" name="DeleteTheLocationTest" time="36.738"/>
</testsuite> <!-- org.example.locationtest -->
