<?xml version="1.0" encoding="UTF-8"?>
<!-- Generated by org.testng.reporters.JUnitReportReporter -->
<testsuite hostname="DESKTOP-IN4JK6E" failures="0" tests="6" name="org.example.rolestest" time="183.631" errors="0" timestamp="2025-05-29T15:26:10 IST" skipped="0">
  <testcase classname="org.example.rolestest" name="CreateNewRoleTest" time="26.232"/>
  <testcase classname="org.example.rolestest" name="ArchiveTherolesTest" time="41.950"/>
  <testcase classname="org.example.rolestest" name="DeleteTherolesTest" time="19.865"/>
  <testcase classname="org.example.rolestest" name="FilterTherolesTest" time="22.668"/>
  <testcase classname="org.example.rolestest" name="AddandDeleteRoleMembershipTest" time="46.750"/>
  <testcase classname="org.example.rolestest" name="ClickOnrolesTest" time="26.166"/>
</testsuite> <!-- org.example.rolestest -->
